<?xml version="1.0" encoding="UTF-8"?>
<testsuite name="com.tavisca.workshop.MarsRoboRoverTest" tests="9" skipped="0" failures="0" errors="0" timestamp="2019-08-26T04:57:21" hostname="RENTLAPT0044" time="0.217">
  <properties/>
  <testcase name="canGoLeftAndRight()" classname="com.tavisca.workshop.MarsRoboRoverTest" time="0.068"/>
  <testcase name="canGoRight()" classname="com.tavisca.workshop.MarsRoboRoverTest" time="0.008"/>
  <testcase name="canGoLeft()" classname="com.tavisca.workshop.MarsRoboRoverTest" time="0.025"/>
  <testcase name="canGoLeftOrRightOrMove()" classname="com.tavisca.workshop.MarsRoboRoverTest" time="0.003"/>
  <testcase name="throwsExceptionWhenFormatIsNotAcceptable()" classname="com.tavisca.workshop.MarsRoboRoverTest" time="0.046"/>
  <testcase name="hasInitialPosition()" classname="com.tavisca.workshop.MarsRoboRoverTest" time="0.003"/>
  <testcase name="canMove()" classname="com.tavisca.workshop.MarsRoboRoverTest" time="0.024"/>
  <testcase name="canResetCurrentPositionWithStringParameter()" classname="com.tavisca.workshop.MarsRoboRoverTest" time="0.001"/>
  <testcase name="canResetCurrentPositionWithPositionParameter()" classname="com.tavisca.workshop.MarsRoboRoverTest" time="0.001"/>
  <system-out><![CDATA[currentPosition...3 3 N
commands...LR
newPosition...3 3 N
currentPosition...3 3 N
commands...R
newPosition...3 3 E
currentPosition...3 3 N
commands...L
newPosition...3 3 W
currentPosition...3 3 N
commands...MLRMMLRLWLM
newPosition...5 5 S
currentPosition...3 3 N
commands...M
newPosition...4 4 N
]]></system-out>
  <system-err><![CDATA[]]></system-err>
</testsuite>
